c:\users\james\source\repos\openglstarter\bin\intermediate\x64\debug\vc143.pdb
c:\users\james\source\repos\openglstarter\bin\intermediate\x64\debug\vc143.idb
c:\users\james\source\repos\openglstarter\bin\intermediate\x64\debug\utils.obj
c:\users\james\source\repos\openglstarter\bin\intermediate\x64\debug\stb_image.obj
c:\users\james\source\repos\openglstarter\bin\intermediate\x64\debug\shader.obj
c:\users\james\source\repos\openglstarter\bin\intermediate\x64\debug\camera.obj
c:\users\james\source\repos\openglstarter\bin\intermediate\x64\debug\lighting_scene.obj
c:\users\james\source\repos\openglstarter\bin\intermediate\x64\debug\basic_lighting.obj
c:\users\james\source\repos\openglstarter\bin\intermediate\x64\debug\camera_tests.obj
c:\users\james\source\repos\openglstarter\bin\intermediate\x64\debug\projections_multiple.obj
c:\users\james\source\repos\openglstarter\bin\intermediate\x64\debug\projections_3d.obj
c:\users\james\source\repos\openglstarter\bin\intermediate\x64\debug\projections.obj
c:\users\james\source\repos\openglstarter\bin\intermediate\x64\debug\transforms_exercise.obj
c:\users\james\source\repos\openglstarter\bin\intermediate\x64\debug\textured_rect.obj
c:\users\james\source\repos\openglstarter\bin\intermediate\x64\debug\hello_window.obj
c:\users\james\source\repos\openglstarter\bin\intermediate\x64\debug\hello_triangle.obj
c:\users\james\source\repos\openglstarter\bin\intermediate\x64\debug\glad.obj
c:\users\james\source\repos\openglstarter\bin\intermediate\x64\debug\materials_scene.obj
c:\users\james\source\repos\openglstarter\bin\x64\debug\openglstarter.exe
c:\users\james\source\repos\openglstarter\bin\x64\debug\openglstarter.pdb
c:\users\james\source\repos\openglstarter\bin\intermediate\x64\debug\openglstarter.ilk
c:\users\james\source\repos\openglstarter\bin\intermediate\x64\debug\openglstarter.vcxproj.filelistabsolute.txt
c:\users\james\source\repos\openglstarter\bin\intermediate\x64\debug\openglstarter.tlog\cl.command.1.tlog
c:\users\james\source\repos\openglstarter\bin\intermediate\x64\debug\openglstarter.tlog\cl.items.tlog
c:\users\james\source\repos\openglstarter\bin\intermediate\x64\debug\openglstarter.tlog\cl.read.1.tlog
c:\users\james\source\repos\openglstarter\bin\intermediate\x64\debug\openglstarter.tlog\cl.write.1.tlog
c:\users\james\source\repos\openglstarter\bin\intermediate\x64\debug\openglstarter.tlog\link.command.1.tlog
c:\users\james\source\repos\openglstarter\bin\intermediate\x64\debug\openglstarter.tlog\link.read.1.tlog
c:\users\james\source\repos\openglstarter\bin\intermediate\x64\debug\openglstarter.tlog\link.secondary.1.tlog
c:\users\james\source\repos\openglstarter\bin\intermediate\x64\debug\openglstarter.tlog\link.write.1.tlog
