  hello_triangle.cpp
C:\Users\james\source\repos\OpenGLStarter\OpenGLStarter\src\1.getting_started\1.2.hello_triangle\hello_triangle.cpp(67,19): warning C4244: 'initializing': conversion from 'double' to 'float', possible loss of data
  hello_window.cpp
  textured_rect.cpp
  transforms_exercise.cpp
  projections.cpp
  projections_3D.cpp
  projections_multiple.cpp
  camera_tests.cpp
  camera.cpp
  shader.cpp
  stb_image.cpp
  utils.cpp
C:\Users\james\source\repos\OpenGLStarter\OpenGLStarter\src\utils.cpp(30,21): warning C4244: 'initializing': conversion from 'double' to 'float', possible loss of data
C:\Users\james\source\repos\OpenGLStarter\OpenGLStarter\src\utils.cpp(66,11): warning C4244: '=': conversion from 'double' to 'float', possible loss of data
C:\Users\james\source\repos\OpenGLStarter\OpenGLStarter\src\utils.cpp(67,11): warning C4244: '=': conversion from 'double' to 'float', possible loss of data
C:\Users\james\source\repos\OpenGLStarter\OpenGLStarter\src\utils.cpp(71,16): warning C4244: 'initializing': conversion from 'double' to 'float', possible loss of data
C:\Users\james\source\repos\OpenGLStarter\OpenGLStarter\src\utils.cpp(72,16): warning C4244: 'initializing': conversion from 'double' to 'float', possible loss of data
C:\Users\james\source\repos\OpenGLStarter\OpenGLStarter\src\utils.cpp(73,10): warning C4244: '=': conversion from 'double' to 'float', possible loss of data
C:\Users\james\source\repos\OpenGLStarter\OpenGLStarter\src\utils.cpp(74,10): warning C4244: '=': conversion from 'double' to 'float', possible loss of data
  Generating Code...
  glad.c
  OpenGLStarter.vcxproj -> C:\Users\james\source\repos\OpenGLStarter\bin\x64\Debug\OpenGLStarter.exe
